*** Starting uWSGI 2.0.18 (64bit) on [Thu Dec 12 17:52:17 2019] ***
compiled with version: 7.3.0 on 12 December 2019 02:25:55
os: Linux-4.15.0-29deepin-generic #31 SMP Fri Jul 27 07:12:08 UTC 2018
nodename: deepin
machine: x86_64
clock source: unix
pcre jit disabled
detected number of CPU cores: 4
current working directory: /home/huxf/Dj18/dailyfresh
writing pidfile to uwsgi.pid
detected binary path: /home/huxf/.pyenv/versions/3.5.3/envs/dj182/bin/uwsgi
chdir() to /home/huxf/Dj18/dailyfresh
your processes number limit is 23300
your memory page size is 4096 bytes
detected max file descriptor number: 1024
lock engine: pthread robust mutexes
thunder lock: disabled (you can enable it with --thunder-lock)
uWSGI http bound on 127.0.0.1:8080 fd 4
uwsgi socket 0 bound to TCP address 127.0.0.1:39981 (port auto-assigned) fd 3
Python version: 3.5.3 (default, Nov  1 2019, 17:11:10)  [GCC 7.3.0]
PEP 405 virtualenv detected: /home/huxf/.pyenv/versions/dj182
Set PythonHome to /home/huxf/.pyenv/versions/dj182
Python main interpreter initialized at 0x55914fd12f70
python threads support enabled
your server socket listen backlog is limited to 100 connections
your mercy for graceful operations on workers is 60 seconds
mapped 416880 bytes (407 KB) for 8 cores
*** Operational MODE: preforking+threaded ***
WSGI app 0 (mountpoint='') ready in 3 seconds on interpreter 0x55914fd12f70 pid: 10055 (default app)
*** uWSGI is running in multiple interpreter mode ***
spawned uWSGI master process (pid: 10055)
spawned uWSGI worker 1 (pid: 10057, cores: 2)
spawned uWSGI worker 2 (pid: 10058, cores: 2)
spawned uWSGI worker 3 (pid: 10060, cores: 2)
spawned uWSGI worker 4 (pid: 10063, cores: 2)
spawned uWSGI http 1 (pid: 10065)
